2018-12-19 22:14:38.892 [http-nio-8081-exec-1] DEBUG com.my.blog.website.service.impl.ContentServiceImpl - Enter getContents method
2018-12-19 22:14:39.329 [http-nio-8081-exec-1] DEBUG com.my.blog.website.service.impl.ContentServiceImpl - Exit getContents method
2018-12-19 22:15:57.663 [http-nio-8081-exec-8] INFO  com.my.blog.website.controller.admin.IndexController - Enter admin index method
2018-12-19 22:15:57.664 [http-nio-8081-exec-8] DEBUG com.my.blog.website.service.impl.SiteServiceImpl - Enter recentComments method:limit=5
2018-12-19 22:15:57.676 [http-nio-8081-exec-8] DEBUG com.my.blog.website.service.impl.SiteServiceImpl - Exit recentComments method
2018-12-19 22:15:57.676 [http-nio-8081-exec-8] DEBUG com.my.blog.website.service.impl.SiteServiceImpl - Enter recentContents method
2018-12-19 22:15:57.683 [http-nio-8081-exec-8] DEBUG com.my.blog.website.service.impl.SiteServiceImpl - Exit recentContents method
2018-12-19 22:15:57.683 [http-nio-8081-exec-8] DEBUG com.my.blog.website.service.impl.SiteServiceImpl - Enter getStatistics method
2018-12-19 22:15:57.708 [http-nio-8081-exec-8] DEBUG com.my.blog.website.service.impl.SiteServiceImpl - Exit getStatistics method
2018-12-19 22:15:57.708 [http-nio-8081-exec-8] DEBUG com.my.blog.website.service.impl.LogServiceImpl - Enter getLogs method:page=1,linit=5
2018-12-19 22:15:57.722 [http-nio-8081-exec-8] DEBUG com.my.blog.website.service.impl.LogServiceImpl - Exit getLogs method
2018-12-19 22:15:57.722 [http-nio-8081-exec-8] INFO  com.my.blog.website.controller.admin.IndexController - Exit admin index method
2018-12-19 22:28:52.740 [http-nio-8081-exec-9] DEBUG com.my.blog.website.service.impl.RelationshipServiceImpl - Enter countById method:cid=7,mid=9
2018-12-19 22:28:52.807 [http-nio-8081-exec-9] DEBUG com.my.blog.website.service.impl.RelationshipServiceImpl - Exit countById method return num=0
2018-12-19 22:28:52.821 [http-nio-8081-exec-9] DEBUG com.my.blog.website.service.impl.RelationshipServiceImpl - Enter countById method:cid=7,mid=22
2018-12-19 22:28:52.824 [http-nio-8081-exec-9] DEBUG com.my.blog.website.service.impl.RelationshipServiceImpl - Exit countById method return num=0
2018-12-19 22:28:52.833 [http-nio-8081-exec-9] DEBUG com.my.blog.website.service.impl.RelationshipServiceImpl - Enter countById method:cid=7,mid=23
2018-12-19 22:28:52.835 [http-nio-8081-exec-9] DEBUG com.my.blog.website.service.impl.RelationshipServiceImpl - Exit countById method return num=0
2018-12-19 22:29:23.646 [http-nio-8081-exec-9] DEBUG com.my.blog.website.service.impl.RelationshipServiceImpl - Enter countById method:cid=7,mid=9
2018-12-19 22:29:23.711 [http-nio-8081-exec-9] DEBUG com.my.blog.website.service.impl.RelationshipServiceImpl - Exit countById method return num=0
2018-12-19 22:29:23.794 [http-nio-8081-exec-9] DEBUG com.my.blog.website.service.impl.RelationshipServiceImpl - Enter countById method:cid=7,mid=22
2018-12-19 22:29:23.839 [http-nio-8081-exec-9] DEBUG com.my.blog.website.service.impl.RelationshipServiceImpl - Exit countById method return num=0
2018-12-19 22:29:24.007 [http-nio-8081-exec-9] DEBUG com.my.blog.website.service.impl.RelationshipServiceImpl - Enter countById method:cid=7,mid=10
2018-12-19 22:29:24.025 [http-nio-8081-exec-9] DEBUG com.my.blog.website.service.impl.RelationshipServiceImpl - Exit countById method return num=0
2018-12-19 22:30:59.513 [http-nio-8081-exec-9] INFO  com.my.blog.website.controller.admin.IndexController - Enter admin index method
2018-12-19 22:30:59.515 [http-nio-8081-exec-9] DEBUG com.my.blog.website.service.impl.SiteServiceImpl - Enter recentComments method:limit=5
2018-12-19 22:30:59.582 [http-nio-8081-exec-9] DEBUG com.my.blog.website.service.impl.SiteServiceImpl - Exit recentComments method
2018-12-19 22:30:59.582 [http-nio-8081-exec-9] DEBUG com.my.blog.website.service.impl.SiteServiceImpl - Enter recentContents method
2018-12-19 22:30:59.599 [http-nio-8081-exec-9] DEBUG com.my.blog.website.service.impl.SiteServiceImpl - Exit recentContents method
2018-12-19 22:30:59.599 [http-nio-8081-exec-9] DEBUG com.my.blog.website.service.impl.SiteServiceImpl - Enter getStatistics method
2018-12-19 22:30:59.615 [http-nio-8081-exec-9] DEBUG com.my.blog.website.service.impl.SiteServiceImpl - Exit getStatistics method
2018-12-19 22:30:59.615 [http-nio-8081-exec-9] DEBUG com.my.blog.website.service.impl.LogServiceImpl - Enter getLogs method:page=1,linit=5
2018-12-19 22:30:59.618 [http-nio-8081-exec-9] DEBUG com.my.blog.website.service.impl.LogServiceImpl - Exit getLogs method
2018-12-19 22:30:59.618 [http-nio-8081-exec-9] INFO  com.my.blog.website.controller.admin.IndexController - Exit admin index method
2018-12-19 22:31:05.563 [http-nio-8081-exec-10] DEBUG com.my.blog.website.service.impl.ContentServiceImpl - Enter getContents method
2018-12-19 22:31:05.658 [http-nio-8081-exec-10] DEBUG com.my.blog.website.service.impl.ContentServiceImpl - Exit getContents method
2018-12-19 22:32:30.802 [http-nio-8081-exec-7] INFO  com.my.blog.website.controller.admin.IndexController - Enter admin index method
2018-12-19 22:32:30.802 [http-nio-8081-exec-7] DEBUG com.my.blog.website.service.impl.SiteServiceImpl - Enter recentComments method:limit=5
2018-12-19 22:32:30.839 [http-nio-8081-exec-7] DEBUG com.my.blog.website.service.impl.SiteServiceImpl - Exit recentComments method
2018-12-19 22:32:30.839 [http-nio-8081-exec-7] DEBUG com.my.blog.website.service.impl.SiteServiceImpl - Enter recentContents method
2018-12-19 22:32:30.891 [http-nio-8081-exec-7] DEBUG com.my.blog.website.service.impl.SiteServiceImpl - Exit recentContents method
2018-12-19 22:32:30.891 [http-nio-8081-exec-7] DEBUG com.my.blog.website.service.impl.SiteServiceImpl - Enter getStatistics method
2018-12-19 22:32:30.901 [http-nio-8081-exec-7] DEBUG com.my.blog.website.service.impl.SiteServiceImpl - Exit getStatistics method
2018-12-19 22:32:30.901 [http-nio-8081-exec-7] DEBUG com.my.blog.website.service.impl.LogServiceImpl - Enter getLogs method:page=1,linit=5
2018-12-19 22:32:30.907 [http-nio-8081-exec-7] DEBUG com.my.blog.website.service.impl.LogServiceImpl - Exit getLogs method
2018-12-19 22:32:30.907 [http-nio-8081-exec-7] INFO  com.my.blog.website.controller.admin.IndexController - Exit admin index method
2018-12-19 22:33:52.283 [http-nio-8081-exec-6] DEBUG com.my.blog.website.service.impl.RelationshipServiceImpl - Enter countById method:cid=8,mid=24
2018-12-19 22:33:52.362 [http-nio-8081-exec-6] DEBUG com.my.blog.website.service.impl.RelationshipServiceImpl - Exit countById method return num=0
2018-12-19 22:33:52.640 [http-nio-8081-exec-6] DEBUG com.my.blog.website.service.impl.RelationshipServiceImpl - Enter countById method:cid=8,mid=20
2018-12-19 22:33:52.723 [http-nio-8081-exec-6] DEBUG com.my.blog.website.service.impl.RelationshipServiceImpl - Exit countById method return num=0
2018-12-19 22:36:08.838 [http-nio-8081-exec-3] DEBUG com.my.blog.website.service.impl.RelationshipServiceImpl - Enter countById method:cid=8,mid=24
2018-12-19 22:36:09.259 [http-nio-8081-exec-3] DEBUG com.my.blog.website.service.impl.RelationshipServiceImpl - Exit countById method return num=0
2018-12-19 22:36:09.498 [http-nio-8081-exec-3] DEBUG com.my.blog.website.service.impl.RelationshipServiceImpl - Enter countById method:cid=8,mid=20
2018-12-19 22:36:09.526 [http-nio-8081-exec-3] DEBUG com.my.blog.website.service.impl.RelationshipServiceImpl - Exit countById method return num=0
2018-12-19 22:36:18.918 [http-nio-8081-exec-1] DEBUG com.my.blog.website.service.impl.ContentServiceImpl - Enter getContents method
2018-12-19 22:36:19.233 [http-nio-8081-exec-1] DEBUG com.my.blog.website.service.impl.ContentServiceImpl - Exit getContents method
2018-12-20 00:18:58.783 [http-nio-8081-exec-9] DEBUG com.my.blog.website.service.impl.ContentServiceImpl - Enter getContents method
2018-12-20 00:18:58.919 [http-nio-8081-exec-9] DEBUG com.my.blog.website.service.impl.ContentServiceImpl - Exit getContents method
2018-12-20 01:00:30.165 [http-nio-8081-exec-9] DEBUG com.my.blog.website.service.impl.SiteServiceImpl - Enter getArchives method
2018-12-20 01:00:30.263 [http-nio-8081-exec-9] DEBUG com.my.blog.website.service.impl.SiteServiceImpl - Exit getArchives method
2018-12-20 01:02:41.930 [http-nio-8081-exec-7] DEBUG com.my.blog.website.service.impl.ContentServiceImpl - Enter getContents method
2018-12-20 01:02:41.953 [http-nio-8081-exec-7] DEBUG com.my.blog.website.service.impl.ContentServiceImpl - Exit getContents method
2018-12-20 01:02:47.997 [http-nio-8081-exec-6] ERROR com.my.blog.website.controller.GlobalExceptionHandler - find exception:e=query content by id and return is not one
2018-12-20 01:13:29.790 [http-nio-8081-exec-1] ERROR com.my.blog.website.controller.GlobalExceptionHandler - find exception:e=query content by id and return is not one
2018-12-20 01:13:43.587 [http-nio-8081-exec-4] DEBUG com.my.blog.website.service.impl.ContentServiceImpl - Enter getContents method
2018-12-20 01:13:43.646 [http-nio-8081-exec-4] DEBUG com.my.blog.website.service.impl.ContentServiceImpl - Exit getContents method
2018-12-20 01:39:16.285 [http-nio-8081-exec-1] DEBUG com.my.blog.website.service.impl.ContentServiceImpl - Enter getContents method
2018-12-20 01:39:16.499 [http-nio-8081-exec-1] DEBUG com.my.blog.website.service.impl.ContentServiceImpl - Exit getContents method
2018-12-20 01:39:33.777 [http-nio-8081-exec-7] INFO  com.my.blog.website.controller.admin.IndexController - Enter admin index method
2018-12-20 01:39:33.778 [http-nio-8081-exec-7] DEBUG com.my.blog.website.service.impl.SiteServiceImpl - Enter recentComments method:limit=5
2018-12-20 01:39:33.789 [http-nio-8081-exec-7] DEBUG com.my.blog.website.service.impl.SiteServiceImpl - Exit recentComments method
2018-12-20 01:39:33.789 [http-nio-8081-exec-7] DEBUG com.my.blog.website.service.impl.SiteServiceImpl - Enter recentContents method
2018-12-20 01:39:33.802 [http-nio-8081-exec-7] DEBUG com.my.blog.website.service.impl.SiteServiceImpl - Exit recentContents method
2018-12-20 01:39:33.802 [http-nio-8081-exec-7] DEBUG com.my.blog.website.service.impl.SiteServiceImpl - Enter getStatistics method
2018-12-20 01:39:33.822 [http-nio-8081-exec-7] DEBUG com.my.blog.website.service.impl.SiteServiceImpl - Exit getStatistics method
2018-12-20 01:39:33.822 [http-nio-8081-exec-7] DEBUG com.my.blog.website.service.impl.LogServiceImpl - Enter getLogs method:page=1,linit=5
2018-12-20 01:39:33.830 [http-nio-8081-exec-7] DEBUG com.my.blog.website.service.impl.LogServiceImpl - Exit getLogs method
2018-12-20 01:39:33.830 [http-nio-8081-exec-7] INFO  com.my.blog.website.controller.admin.IndexController - Exit admin index method
2018-12-20 01:51:45.047 [http-nio-8081-exec-2] DEBUG com.my.blog.website.service.impl.RelationshipServiceImpl - Enter countById method:cid=9,mid=25
2018-12-20 01:51:45.053 [http-nio-8081-exec-2] DEBUG com.my.blog.website.service.impl.RelationshipServiceImpl - Exit countById method return num=0
2018-12-20 01:51:45.063 [http-nio-8081-exec-2] DEBUG com.my.blog.website.service.impl.RelationshipServiceImpl - Enter countById method:cid=9,mid=26
2018-12-20 01:51:45.068 [http-nio-8081-exec-2] DEBUG com.my.blog.website.service.impl.RelationshipServiceImpl - Exit countById method return num=0
2018-12-20 01:51:45.086 [http-nio-8081-exec-2] DEBUG com.my.blog.website.service.impl.RelationshipServiceImpl - Enter countById method:cid=9,mid=1
2018-12-20 01:51:45.092 [http-nio-8081-exec-2] DEBUG com.my.blog.website.service.impl.RelationshipServiceImpl - Exit countById method return num=0
2018-12-20 01:53:22.019 [http-nio-8081-exec-7] DEBUG com.my.blog.website.service.impl.RelationshipServiceImpl - Enter countById method:cid=9,mid=25
2018-12-20 01:53:22.023 [http-nio-8081-exec-7] DEBUG com.my.blog.website.service.impl.RelationshipServiceImpl - Exit countById method return num=0
2018-12-20 01:53:22.027 [http-nio-8081-exec-7] DEBUG com.my.blog.website.service.impl.RelationshipServiceImpl - Enter countById method:cid=9,mid=26
2018-12-20 01:53:22.043 [http-nio-8081-exec-7] DEBUG com.my.blog.website.service.impl.RelationshipServiceImpl - Exit countById method return num=0
2018-12-20 01:53:22.055 [http-nio-8081-exec-7] DEBUG com.my.blog.website.service.impl.RelationshipServiceImpl - Enter countById method:cid=9,mid=27
2018-12-20 01:53:22.061 [http-nio-8081-exec-7] DEBUG com.my.blog.website.service.impl.RelationshipServiceImpl - Exit countById method return num=0
2018-12-20 01:53:42.673 [http-nio-8081-exec-5] INFO  com.my.blog.website.controller.admin.IndexController - Enter admin index method
2018-12-20 01:53:42.673 [http-nio-8081-exec-5] DEBUG com.my.blog.website.service.impl.SiteServiceImpl - Enter recentComments method:limit=5
2018-12-20 01:53:42.678 [http-nio-8081-exec-5] DEBUG com.my.blog.website.service.impl.SiteServiceImpl - Exit recentComments method
2018-12-20 01:53:42.678 [http-nio-8081-exec-5] DEBUG com.my.blog.website.service.impl.SiteServiceImpl - Enter recentContents method
2018-12-20 01:53:42.682 [http-nio-8081-exec-5] DEBUG com.my.blog.website.service.impl.SiteServiceImpl - Exit recentContents method
2018-12-20 01:53:42.682 [http-nio-8081-exec-5] DEBUG com.my.blog.website.service.impl.SiteServiceImpl - Enter getStatistics method
2018-12-20 01:53:42.690 [http-nio-8081-exec-5] DEBUG com.my.blog.website.service.impl.SiteServiceImpl - Exit getStatistics method
2018-12-20 01:53:42.690 [http-nio-8081-exec-5] DEBUG com.my.blog.website.service.impl.LogServiceImpl - Enter getLogs method:page=1,linit=5
2018-12-20 01:53:42.693 [http-nio-8081-exec-5] DEBUG com.my.blog.website.service.impl.LogServiceImpl - Exit getLogs method
2018-12-20 01:53:42.693 [http-nio-8081-exec-5] INFO  com.my.blog.website.controller.admin.IndexController - Exit admin index method
2018-12-20 01:54:01.649 [http-nio-8081-exec-8] DEBUG com.my.blog.website.service.impl.ContentServiceImpl - Enter getContents method
2018-12-20 01:54:01.657 [http-nio-8081-exec-8] DEBUG com.my.blog.website.service.impl.ContentServiceImpl - Exit getContents method
2018-12-20 01:55:37.534 [http-nio-8081-exec-5] DEBUG com.my.blog.website.service.impl.RelationshipServiceImpl - Enter countById method:cid=9,mid=25
2018-12-20 01:55:37.537 [http-nio-8081-exec-5] DEBUG com.my.blog.website.service.impl.RelationshipServiceImpl - Exit countById method return num=0
2018-12-20 01:55:37.540 [http-nio-8081-exec-5] DEBUG com.my.blog.website.service.impl.RelationshipServiceImpl - Enter countById method:cid=9,mid=26
2018-12-20 01:55:37.543 [http-nio-8081-exec-5] DEBUG com.my.blog.website.service.impl.RelationshipServiceImpl - Exit countById method return num=0
2018-12-20 01:55:37.546 [http-nio-8081-exec-5] DEBUG com.my.blog.website.service.impl.RelationshipServiceImpl - Enter countById method:cid=9,mid=27
2018-12-20 01:55:37.548 [http-nio-8081-exec-5] DEBUG com.my.blog.website.service.impl.RelationshipServiceImpl - Exit countById method return num=0
2018-12-20 01:55:45.622 [http-nio-8081-exec-9] DEBUG com.my.blog.website.service.impl.ContentServiceImpl - Enter getContents method
2018-12-20 01:55:45.629 [http-nio-8081-exec-9] DEBUG com.my.blog.website.service.impl.ContentServiceImpl - Exit getContents method
2018-12-20 01:56:08.519 [http-nio-8081-exec-7] DEBUG com.my.blog.website.service.impl.ContentServiceImpl - Enter getContents method
2018-12-20 01:56:08.530 [http-nio-8081-exec-7] DEBUG com.my.blog.website.service.impl.ContentServiceImpl - Exit getContents method
2018-12-20 01:57:36.202 [http-nio-8081-exec-10] INFO  com.my.blog.website.controller.admin.IndexController - Enter admin index method
2018-12-20 01:57:36.202 [http-nio-8081-exec-10] DEBUG com.my.blog.website.service.impl.SiteServiceImpl - Enter recentComments method:limit=5
2018-12-20 01:57:36.205 [http-nio-8081-exec-10] DEBUG com.my.blog.website.service.impl.SiteServiceImpl - Exit recentComments method
2018-12-20 01:57:36.205 [http-nio-8081-exec-10] DEBUG com.my.blog.website.service.impl.SiteServiceImpl - Enter recentContents method
2018-12-20 01:57:36.210 [http-nio-8081-exec-10] DEBUG com.my.blog.website.service.impl.SiteServiceImpl - Exit recentContents method
2018-12-20 01:57:36.210 [http-nio-8081-exec-10] DEBUG com.my.blog.website.service.impl.SiteServiceImpl - Enter getStatistics method
2018-12-20 01:57:36.215 [http-nio-8081-exec-10] DEBUG com.my.blog.website.service.impl.SiteServiceImpl - Exit getStatistics method
2018-12-20 01:57:36.215 [http-nio-8081-exec-10] DEBUG com.my.blog.website.service.impl.LogServiceImpl - Enter getLogs method:page=1,linit=5
2018-12-20 01:57:36.218 [http-nio-8081-exec-10] DEBUG com.my.blog.website.service.impl.LogServiceImpl - Exit getLogs method
2018-12-20 01:57:36.218 [http-nio-8081-exec-10] INFO  com.my.blog.website.controller.admin.IndexController - Exit admin index method
2018-12-20 02:03:09.670 [http-nio-8081-exec-2] DEBUG com.my.blog.website.service.impl.ContentServiceImpl - Enter getContents method
2018-12-20 02:03:09.683 [http-nio-8081-exec-2] DEBUG com.my.blog.website.service.impl.ContentServiceImpl - Exit getContents method
2018-12-20 02:04:12.744 [http-nio-8081-exec-8] DEBUG com.my.blog.website.service.impl.SiteServiceImpl - Enter getArchives method
2018-12-20 02:04:12.764 [http-nio-8081-exec-8] DEBUG com.my.blog.website.service.impl.SiteServiceImpl - Exit getArchives method
2018-12-20 02:20:04.505 [http-nio-8081-exec-7] DEBUG com.my.blog.website.service.impl.ContentServiceImpl - Enter getContents method
2018-12-20 02:20:04.518 [http-nio-8081-exec-7] DEBUG com.my.blog.website.service.impl.ContentServiceImpl - Exit getContents method
2018-12-20 02:20:27.289 [http-nio-8081-exec-5] INFO  com.my.blog.website.controller.admin.IndexController - Enter admin index method
2018-12-20 02:20:27.289 [http-nio-8081-exec-5] DEBUG com.my.blog.website.service.impl.SiteServiceImpl - Enter recentComments method:limit=5
2018-12-20 02:20:27.299 [http-nio-8081-exec-5] DEBUG com.my.blog.website.service.impl.SiteServiceImpl - Exit recentComments method
2018-12-20 02:20:27.299 [http-nio-8081-exec-5] DEBUG com.my.blog.website.service.impl.SiteServiceImpl - Enter recentContents method
2018-12-20 02:20:27.313 [http-nio-8081-exec-5] DEBUG com.my.blog.website.service.impl.SiteServiceImpl - Exit recentContents method
2018-12-20 02:20:27.313 [http-nio-8081-exec-5] DEBUG com.my.blog.website.service.impl.SiteServiceImpl - Enter getStatistics method
2018-12-20 02:20:27.336 [http-nio-8081-exec-5] DEBUG com.my.blog.website.service.impl.SiteServiceImpl - Exit getStatistics method
2018-12-20 02:20:27.336 [http-nio-8081-exec-5] DEBUG com.my.blog.website.service.impl.LogServiceImpl - Enter getLogs method:page=1,linit=5
2018-12-20 02:20:27.341 [http-nio-8081-exec-5] DEBUG com.my.blog.website.service.impl.LogServiceImpl - Exit getLogs method
2018-12-20 02:20:27.341 [http-nio-8081-exec-5] INFO  com.my.blog.website.controller.admin.IndexController - Exit admin index method
2018-12-20 02:21:11.512 [http-nio-8081-exec-9] DEBUG com.my.blog.website.service.impl.OptionServiceImpl - Enter insertOption method:name=social_zhihu,value=https://www.zhihu.com/jasonSky
2018-12-20 02:21:11.521 [http-nio-8081-exec-9] DEBUG com.my.blog.website.service.impl.OptionServiceImpl - Exit insertOption method.
2018-12-20 02:21:11.521 [http-nio-8081-exec-9] DEBUG com.my.blog.website.service.impl.OptionServiceImpl - Enter insertOption method:name=social_github,value=https://github.com/jasonSky
2018-12-20 02:21:11.525 [http-nio-8081-exec-9] DEBUG com.my.blog.website.service.impl.OptionServiceImpl - Exit insertOption method.
2018-12-20 02:21:11.525 [http-nio-8081-exec-9] DEBUG com.my.blog.website.service.impl.OptionServiceImpl - Enter insertOption method:name=social_twitter,value=https://www.twitter.com/jasonSky
2018-12-20 02:21:11.529 [http-nio-8081-exec-9] DEBUG com.my.blog.website.service.impl.OptionServiceImpl - Exit insertOption method.
2018-12-20 02:21:11.529 [http-nio-8081-exec-9] DEBUG com.my.blog.website.service.impl.OptionServiceImpl - Enter insertOption method:name=social_weibo,value=https://www.weibo.com/jas_test
2018-12-20 02:21:11.533 [http-nio-8081-exec-9] DEBUG com.my.blog.website.service.impl.OptionServiceImpl - Exit insertOption method.
2018-12-20 02:21:19.994 [http-nio-8081-exec-3] DEBUG com.my.blog.website.service.impl.ContentServiceImpl - Enter getContents method
2018-12-20 02:21:20.006 [http-nio-8081-exec-3] DEBUG com.my.blog.website.service.impl.ContentServiceImpl - Exit getContents method
2018-12-20 02:25:31.469 [http-nio-8081-exec-10] INFO  com.my.blog.website.controller.admin.IndexController - Enter admin index method
2018-12-20 02:25:31.469 [http-nio-8081-exec-10] DEBUG com.my.blog.website.service.impl.SiteServiceImpl - Enter recentComments method:limit=5
2018-12-20 02:25:31.474 [http-nio-8081-exec-10] DEBUG com.my.blog.website.service.impl.SiteServiceImpl - Exit recentComments method
2018-12-20 02:25:31.474 [http-nio-8081-exec-10] DEBUG com.my.blog.website.service.impl.SiteServiceImpl - Enter recentContents method
2018-12-20 02:25:31.483 [http-nio-8081-exec-10] DEBUG com.my.blog.website.service.impl.SiteServiceImpl - Exit recentContents method
2018-12-20 02:25:31.483 [http-nio-8081-exec-10] DEBUG com.my.blog.website.service.impl.SiteServiceImpl - Enter getStatistics method
2018-12-20 02:25:31.492 [http-nio-8081-exec-10] DEBUG com.my.blog.website.service.impl.SiteServiceImpl - Exit getStatistics method
2018-12-20 02:25:31.492 [http-nio-8081-exec-10] DEBUG com.my.blog.website.service.impl.LogServiceImpl - Enter getLogs method:page=1,linit=5
2018-12-20 02:25:31.496 [http-nio-8081-exec-10] DEBUG com.my.blog.website.service.impl.LogServiceImpl - Exit getLogs method
2018-12-20 02:25:31.496 [http-nio-8081-exec-10] INFO  com.my.blog.website.controller.admin.IndexController - Exit admin index method
2018-12-20 02:35:24.435 [http-nio-8081-exec-6] DEBUG com.my.blog.website.service.impl.RelationshipServiceImpl - Enter countById method:cid=10,mid=29
2018-12-20 02:35:24.446 [http-nio-8081-exec-6] DEBUG com.my.blog.website.service.impl.RelationshipServiceImpl - Exit countById method return num=0
2018-12-20 02:35:24.457 [http-nio-8081-exec-6] DEBUG com.my.blog.website.service.impl.RelationshipServiceImpl - Enter countById method:cid=10,mid=30
2018-12-20 02:35:24.460 [http-nio-8081-exec-6] DEBUG com.my.blog.website.service.impl.RelationshipServiceImpl - Exit countById method return num=0
2018-12-20 02:35:24.463 [http-nio-8081-exec-6] DEBUG com.my.blog.website.service.impl.RelationshipServiceImpl - Enter countById method:cid=10,mid=1
2018-12-20 02:35:24.465 [http-nio-8081-exec-6] DEBUG com.my.blog.website.service.impl.RelationshipServiceImpl - Exit countById method return num=0
2018-12-20 02:35:53.239 [http-nio-8081-exec-9] DEBUG com.my.blog.website.service.impl.RelationshipServiceImpl - Enter countById method:cid=10,mid=29
2018-12-20 02:35:53.248 [http-nio-8081-exec-9] DEBUG com.my.blog.website.service.impl.RelationshipServiceImpl - Exit countById method return num=0
2018-12-20 02:35:53.266 [http-nio-8081-exec-9] DEBUG com.my.blog.website.service.impl.RelationshipServiceImpl - Enter countById method:cid=10,mid=30
2018-12-20 02:35:53.270 [http-nio-8081-exec-9] DEBUG com.my.blog.website.service.impl.RelationshipServiceImpl - Exit countById method return num=0
2018-12-20 02:35:53.277 [http-nio-8081-exec-9] DEBUG com.my.blog.website.service.impl.RelationshipServiceImpl - Enter countById method:cid=10,mid=1
2018-12-20 02:35:53.284 [http-nio-8081-exec-9] DEBUG com.my.blog.website.service.impl.RelationshipServiceImpl - Exit countById method return num=0
2018-12-20 02:36:04.840 [http-nio-8081-exec-6] INFO  com.my.blog.website.controller.admin.IndexController - Enter admin index method
2018-12-20 02:36:04.840 [http-nio-8081-exec-6] DEBUG com.my.blog.website.service.impl.SiteServiceImpl - Enter recentComments method:limit=5
2018-12-20 02:36:04.848 [http-nio-8081-exec-6] DEBUG com.my.blog.website.service.impl.SiteServiceImpl - Exit recentComments method
2018-12-20 02:36:04.848 [http-nio-8081-exec-6] DEBUG com.my.blog.website.service.impl.SiteServiceImpl - Enter recentContents method
2018-12-20 02:36:04.856 [http-nio-8081-exec-6] DEBUG com.my.blog.website.service.impl.SiteServiceImpl - Exit recentContents method
2018-12-20 02:36:04.856 [http-nio-8081-exec-6] DEBUG com.my.blog.website.service.impl.SiteServiceImpl - Enter getStatistics method
2018-12-20 02:36:04.862 [http-nio-8081-exec-6] DEBUG com.my.blog.website.service.impl.SiteServiceImpl - Exit getStatistics method
2018-12-20 02:36:04.862 [http-nio-8081-exec-6] DEBUG com.my.blog.website.service.impl.LogServiceImpl - Enter getLogs method:page=1,linit=5
2018-12-20 02:36:04.867 [http-nio-8081-exec-6] DEBUG com.my.blog.website.service.impl.LogServiceImpl - Exit getLogs method
2018-12-20 02:36:04.867 [http-nio-8081-exec-6] INFO  com.my.blog.website.controller.admin.IndexController - Exit admin index method
2018-12-20 02:36:09.798 [http-nio-8081-exec-1] DEBUG com.my.blog.website.service.impl.ContentServiceImpl - Enter getContents method
2018-12-20 02:36:09.805 [http-nio-8081-exec-1] DEBUG com.my.blog.website.service.impl.ContentServiceImpl - Exit getContents method
2018-12-20 02:59:24.856 [http-nio-8081-exec-1] DEBUG com.my.blog.website.service.impl.ContentServiceImpl - Enter getContents method
2018-12-20 02:59:25.018 [http-nio-8081-exec-1] DEBUG com.my.blog.website.service.impl.ContentServiceImpl - Exit getContents method
2018-12-20 02:59:34.013 [http-nio-8081-exec-2] DEBUG com.my.blog.website.service.impl.ContentServiceImpl - Enter getContents method
2018-12-20 02:59:34.031 [http-nio-8081-exec-2] DEBUG com.my.blog.website.service.impl.ContentServiceImpl - Exit getContents method
2018-12-20 07:51:18.930 [http-nio-8081-exec-3] DEBUG com.my.blog.website.service.impl.ContentServiceImpl - Enter getContents method
2018-12-20 07:51:18.988 [http-nio-8081-exec-3] DEBUG com.my.blog.website.service.impl.ContentServiceImpl - Exit getContents method
2018-12-20 07:52:08.995 [http-nio-8081-exec-5] DEBUG com.my.blog.website.service.impl.SiteServiceImpl - Enter getArchives method
2018-12-20 07:52:09.045 [http-nio-8081-exec-5] DEBUG com.my.blog.website.service.impl.SiteServiceImpl - Exit getArchives method
2018-12-20 07:52:37.430 [http-nio-8081-exec-6] DEBUG com.my.blog.website.service.impl.SiteServiceImpl - Enter getArchives method
2018-12-20 07:52:37.446 [http-nio-8081-exec-6] DEBUG com.my.blog.website.service.impl.SiteServiceImpl - Exit getArchives method
2018-12-20 07:52:49.263 [http-nio-8081-exec-10] DEBUG com.my.blog.website.service.impl.SiteServiceImpl - Enter getArchives method
2018-12-20 07:52:49.293 [http-nio-8081-exec-10] DEBUG com.my.blog.website.service.impl.SiteServiceImpl - Exit getArchives method
2018-12-20 07:53:09.478 [http-nio-8081-exec-8] DEBUG com.my.blog.website.service.impl.ContentServiceImpl - Enter getContents method
2018-12-20 07:53:09.486 [http-nio-8081-exec-8] DEBUG com.my.blog.website.service.impl.ContentServiceImpl - Exit getContents method
2018-12-20 07:53:23.703 [http-nio-8081-exec-5] DEBUG com.my.blog.website.service.impl.ContentServiceImpl - Enter getContents method
2018-12-20 07:53:23.710 [http-nio-8081-exec-5] DEBUG com.my.blog.website.service.impl.ContentServiceImpl - Exit getContents method
2018-12-20 07:53:33.988 [http-nio-8081-exec-4] DEBUG com.my.blog.website.service.impl.ContentServiceImpl - Enter getContents method
2018-12-20 07:53:34.003 [http-nio-8081-exec-4] DEBUG com.my.blog.website.service.impl.ContentServiceImpl - Exit getContents method
2018-12-20 07:53:53.494 [http-nio-8081-exec-2] DEBUG com.my.blog.website.service.impl.ContentServiceImpl - Enter getContents method
2018-12-20 07:53:53.520 [http-nio-8081-exec-2] DEBUG com.my.blog.website.service.impl.ContentServiceImpl - Exit getContents method
2018-12-20 08:49:32.259 [http-nio-8081-exec-3] DEBUG com.my.blog.website.service.impl.ContentServiceImpl - Enter getContents method
2018-12-20 08:49:32.280 [http-nio-8081-exec-3] DEBUG com.my.blog.website.service.impl.ContentServiceImpl - Exit getContents method
2018-12-20 22:09:37.500 [http-nio-8081-exec-7] DEBUG com.my.blog.website.service.impl.ContentServiceImpl - Enter getContents method
2018-12-20 22:09:37.521 [http-nio-8081-exec-7] DEBUG com.my.blog.website.service.impl.ContentServiceImpl - Exit getContents method
2018-12-20 22:11:45.934 [http-nio-8081-exec-6] DEBUG com.my.blog.website.service.impl.ContentServiceImpl - Enter getContents method
2018-12-20 22:11:45.942 [http-nio-8081-exec-6] DEBUG com.my.blog.website.service.impl.ContentServiceImpl - Exit getContents method
2018-12-20 22:12:14.886 [http-nio-8081-exec-3] DEBUG com.my.blog.website.service.impl.ContentServiceImpl - Enter getContents method
2018-12-20 22:12:14.892 [http-nio-8081-exec-3] DEBUG com.my.blog.website.service.impl.ContentServiceImpl - Exit getContents method
2018-12-20 22:12:17.133 [http-nio-8081-exec-7] DEBUG com.my.blog.website.service.impl.ContentServiceImpl - Enter getContents method
2018-12-20 22:12:17.145 [http-nio-8081-exec-7] DEBUG com.my.blog.website.service.impl.ContentServiceImpl - Exit getContents method
2018-12-20 22:12:26.046 [http-nio-8081-exec-8] DEBUG com.my.blog.website.service.impl.ContentServiceImpl - Enter getContents method
2018-12-20 22:12:26.053 [http-nio-8081-exec-8] DEBUG com.my.blog.website.service.impl.ContentServiceImpl - Exit getContents method
2018-12-21 00:36:13.975 [http-nio-8081-exec-4] DEBUG com.my.blog.website.service.impl.ContentServiceImpl - Enter getContents method
2018-12-21 00:36:13.984 [http-nio-8081-exec-4] DEBUG com.my.blog.website.service.impl.ContentServiceImpl - Exit getContents method
2018-12-21 00:36:21.351 [http-nio-8081-exec-2] DEBUG com.my.blog.website.service.impl.SiteServiceImpl - Enter getArchives method
2018-12-21 00:36:21.372 [http-nio-8081-exec-2] DEBUG com.my.blog.website.service.impl.SiteServiceImpl - Exit getArchives method
2018-12-21 00:36:28.324 [http-nio-8081-exec-10] DEBUG com.my.blog.website.service.impl.SiteServiceImpl - Enter getArchives method
2018-12-21 00:36:28.346 [http-nio-8081-exec-10] DEBUG com.my.blog.website.service.impl.SiteServiceImpl - Exit getArchives method
2018-12-21 00:36:38.476 [http-nio-8081-exec-3] DEBUG com.my.blog.website.service.impl.SiteServiceImpl - Enter getArchives method
2018-12-21 00:36:38.489 [http-nio-8081-exec-3] DEBUG com.my.blog.website.service.impl.SiteServiceImpl - Exit getArchives method
2018-12-21 00:36:39.689 [http-nio-8081-exec-7] DEBUG com.my.blog.website.service.impl.SiteServiceImpl - Enter getArchives method
2018-12-21 00:36:39.703 [http-nio-8081-exec-7] DEBUG com.my.blog.website.service.impl.SiteServiceImpl - Exit getArchives method
2018-12-21 01:42:09.307 [http-nio-8081-exec-9] DEBUG com.my.blog.website.service.impl.ContentServiceImpl - Enter getContents method
2018-12-21 01:42:09.344 [http-nio-8081-exec-9] DEBUG com.my.blog.website.service.impl.ContentServiceImpl - Exit getContents method
2018-12-21 16:39:09.249 [http-nio-8081-exec-7] DEBUG com.my.blog.website.service.impl.ContentServiceImpl - Enter getContents method
2018-12-21 16:39:09.269 [http-nio-8081-exec-7] DEBUG com.my.blog.website.service.impl.ContentServiceImpl - Exit getContents method
2018-12-21 18:14:10.099 [http-nio-8081-exec-4] DEBUG com.my.blog.website.service.impl.ContentServiceImpl - Enter getContents method
2018-12-21 18:14:10.104 [http-nio-8081-exec-4] DEBUG com.my.blog.website.service.impl.ContentServiceImpl - Exit getContents method
2018-12-21 19:38:26.080 [http-nio-8081-exec-2] ERROR com.my.blog.website.controller.GlobalExceptionHandler - find exception:e=query content by id and return is not one
2018-12-22 00:31:02.191 [http-nio-8081-exec-1] DEBUG com.my.blog.website.service.impl.ContentServiceImpl - Enter getContents method
2018-12-22 00:31:02.204 [http-nio-8081-exec-1] DEBUG com.my.blog.website.service.impl.ContentServiceImpl - Exit getContents method
2018-12-22 00:40:02.114 [http-nio-8081-exec-5] DEBUG com.my.blog.website.service.impl.ContentServiceImpl - Enter getContents method
2018-12-22 00:40:02.129 [http-nio-8081-exec-5] DEBUG com.my.blog.website.service.impl.ContentServiceImpl - Exit getContents method
2018-12-22 00:40:40.393 [http-nio-8081-exec-3] INFO  com.my.blog.website.controller.admin.IndexController - Enter admin index method
2018-12-22 00:40:40.393 [http-nio-8081-exec-3] DEBUG com.my.blog.website.service.impl.SiteServiceImpl - Enter recentComments method:limit=5
2018-12-22 00:40:40.397 [http-nio-8081-exec-3] DEBUG com.my.blog.website.service.impl.SiteServiceImpl - Exit recentComments method
2018-12-22 00:40:40.397 [http-nio-8081-exec-3] DEBUG com.my.blog.website.service.impl.SiteServiceImpl - Enter recentContents method
2018-12-22 00:40:40.401 [http-nio-8081-exec-3] DEBUG com.my.blog.website.service.impl.SiteServiceImpl - Exit recentContents method
2018-12-22 00:40:40.401 [http-nio-8081-exec-3] DEBUG com.my.blog.website.service.impl.SiteServiceImpl - Enter getStatistics method
2018-12-22 00:40:40.427 [http-nio-8081-exec-3] DEBUG com.my.blog.website.service.impl.SiteServiceImpl - Exit getStatistics method
2018-12-22 00:40:40.427 [http-nio-8081-exec-3] DEBUG com.my.blog.website.service.impl.LogServiceImpl - Enter getLogs method:page=1,linit=5
2018-12-22 00:40:40.443 [http-nio-8081-exec-3] DEBUG com.my.blog.website.service.impl.LogServiceImpl - Exit getLogs method
2018-12-22 00:40:40.443 [http-nio-8081-exec-3] INFO  com.my.blog.website.controller.admin.IndexController - Exit admin index method
2018-12-23 01:08:29.657 [http-nio-8081-exec-10] DEBUG com.my.blog.website.service.impl.ContentServiceImpl - Enter getContents method
2018-12-23 01:08:29.674 [http-nio-8081-exec-10] DEBUG com.my.blog.website.service.impl.ContentServiceImpl - Exit getContents method
2018-12-23 05:46:23.313 [http-nio-8081-exec-1] DEBUG com.my.blog.website.service.impl.ContentServiceImpl - Enter getContents method
2018-12-23 05:46:23.320 [http-nio-8081-exec-1] DEBUG com.my.blog.website.service.impl.ContentServiceImpl - Exit getContents method
2018-12-23 11:59:49.337 [http-nio-8081-exec-3] DEBUG com.my.blog.website.service.impl.ContentServiceImpl - Enter getContents method
2018-12-23 11:59:49.343 [http-nio-8081-exec-3] DEBUG com.my.blog.website.service.impl.ContentServiceImpl - Exit getContents method
2018-12-23 15:34:39.312 [http-nio-8081-exec-5] DEBUG com.my.blog.website.service.impl.ContentServiceImpl - Enter getContents method
2018-12-23 15:34:39.317 [http-nio-8081-exec-5] DEBUG com.my.blog.website.service.impl.ContentServiceImpl - Exit getContents method
2018-12-23 18:30:00.371 [http-nio-8081-exec-6] DEBUG com.my.blog.website.service.impl.ContentServiceImpl - Enter getContents method
2018-12-23 18:30:00.386 [http-nio-8081-exec-6] DEBUG com.my.blog.website.service.impl.ContentServiceImpl - Exit getContents method
2018-12-23 20:24:36.362 [http-nio-8081-exec-6] DEBUG com.my.blog.website.service.impl.ContentServiceImpl - Enter getContents method
2018-12-23 20:24:36.367 [http-nio-8081-exec-6] DEBUG com.my.blog.website.service.impl.ContentServiceImpl - Exit getContents method
2018-12-23 20:24:52.866 [http-nio-8081-exec-5] INFO  com.my.blog.website.controller.admin.IndexController - Enter admin index method
2018-12-23 20:24:52.866 [http-nio-8081-exec-5] DEBUG com.my.blog.website.service.impl.SiteServiceImpl - Enter recentComments method:limit=5
2018-12-23 20:24:52.869 [http-nio-8081-exec-5] DEBUG com.my.blog.website.service.impl.SiteServiceImpl - Exit recentComments method
2018-12-23 20:24:52.869 [http-nio-8081-exec-5] DEBUG com.my.blog.website.service.impl.SiteServiceImpl - Enter recentContents method
2018-12-23 20:24:52.873 [http-nio-8081-exec-5] DEBUG com.my.blog.website.service.impl.SiteServiceImpl - Exit recentContents method
2018-12-23 20:24:52.873 [http-nio-8081-exec-5] DEBUG com.my.blog.website.service.impl.SiteServiceImpl - Enter getStatistics method
2018-12-23 20:24:52.879 [http-nio-8081-exec-5] DEBUG com.my.blog.website.service.impl.SiteServiceImpl - Exit getStatistics method
2018-12-23 20:24:52.879 [http-nio-8081-exec-5] DEBUG com.my.blog.website.service.impl.LogServiceImpl - Enter getLogs method:page=1,linit=5
2018-12-23 20:24:52.881 [http-nio-8081-exec-5] DEBUG com.my.blog.website.service.impl.LogServiceImpl - Exit getLogs method
2018-12-23 20:24:52.882 [http-nio-8081-exec-5] INFO  com.my.blog.website.controller.admin.IndexController - Exit admin index method
2018-12-23 21:10:19.875 [http-nio-8081-exec-2] DEBUG com.my.blog.website.service.impl.RelationshipServiceImpl - Enter countById method:cid=11,mid=31
2018-12-23 21:10:19.898 [http-nio-8081-exec-2] DEBUG com.my.blog.website.service.impl.RelationshipServiceImpl - Exit countById method return num=0
2018-12-23 21:10:19.901 [http-nio-8081-exec-2] DEBUG com.my.blog.website.service.impl.RelationshipServiceImpl - Enter countById method:cid=11,mid=10
2018-12-23 21:10:19.910 [http-nio-8081-exec-2] DEBUG com.my.blog.website.service.impl.RelationshipServiceImpl - Exit countById method return num=0
2018-12-23 21:11:49.057 [http-nio-8081-exec-5] DEBUG com.my.blog.website.service.impl.ContentServiceImpl - Enter getContents method
2018-12-23 21:11:49.061 [http-nio-8081-exec-5] DEBUG com.my.blog.website.service.impl.ContentServiceImpl - Exit getContents method
2018-12-23 21:12:31.294 [http-nio-8081-exec-6] DEBUG com.my.blog.website.service.impl.ContentServiceImpl - Enter getContents method
2018-12-23 21:12:31.298 [http-nio-8081-exec-6] DEBUG com.my.blog.website.service.impl.ContentServiceImpl - Exit getContents method
2018-12-23 21:15:35.439 [http-nio-8081-exec-8] DEBUG com.my.blog.website.service.impl.RelationshipServiceImpl - Enter countById method:cid=12,mid=32
2018-12-23 21:15:35.443 [http-nio-8081-exec-8] DEBUG com.my.blog.website.service.impl.RelationshipServiceImpl - Exit countById method return num=0
2018-12-23 21:15:35.446 [http-nio-8081-exec-8] DEBUG com.my.blog.website.service.impl.RelationshipServiceImpl - Enter countById method:cid=12,mid=10
2018-12-23 21:15:35.448 [http-nio-8081-exec-8] DEBUG com.my.blog.website.service.impl.RelationshipServiceImpl - Exit countById method return num=0
2018-12-23 21:18:19.869 [http-nio-8081-exec-5] DEBUG com.my.blog.website.service.impl.RelationshipServiceImpl - Enter countById method:cid=12,mid=32
2018-12-23 21:18:19.871 [http-nio-8081-exec-5] DEBUG com.my.blog.website.service.impl.RelationshipServiceImpl - Exit countById method return num=0
2018-12-23 21:18:19.874 [http-nio-8081-exec-5] DEBUG com.my.blog.website.service.impl.RelationshipServiceImpl - Enter countById method:cid=12,mid=10
2018-12-23 21:18:19.876 [http-nio-8081-exec-5] DEBUG com.my.blog.website.service.impl.RelationshipServiceImpl - Exit countById method return num=0
2018-12-23 21:23:43.605 [http-nio-8081-exec-5] DEBUG com.my.blog.website.service.impl.RelationshipServiceImpl - Enter countById method:cid=13,mid=33
2018-12-23 21:23:43.606 [http-nio-8081-exec-5] DEBUG com.my.blog.website.service.impl.RelationshipServiceImpl - Exit countById method return num=0
2018-12-23 21:23:43.611 [http-nio-8081-exec-5] DEBUG com.my.blog.website.service.impl.RelationshipServiceImpl - Enter countById method:cid=13,mid=10
2018-12-23 21:23:43.613 [http-nio-8081-exec-5] DEBUG com.my.blog.website.service.impl.RelationshipServiceImpl - Exit countById method return num=0
2018-12-23 21:27:16.232 [http-nio-8081-exec-2] DEBUG com.my.blog.website.service.impl.RelationshipServiceImpl - Enter countById method:cid=14,mid=34
2018-12-23 21:27:16.233 [http-nio-8081-exec-2] DEBUG com.my.blog.website.service.impl.RelationshipServiceImpl - Exit countById method return num=0
2018-12-23 21:27:16.236 [http-nio-8081-exec-2] DEBUG com.my.blog.website.service.impl.RelationshipServiceImpl - Enter countById method:cid=14,mid=20
2018-12-23 21:27:16.237 [http-nio-8081-exec-2] DEBUG com.my.blog.website.service.impl.RelationshipServiceImpl - Exit countById method return num=0
2018-12-23 21:28:49.260 [http-nio-8081-exec-3] DEBUG com.my.blog.website.service.impl.ContentServiceImpl - Enter getContents method
2018-12-23 21:28:49.264 [http-nio-8081-exec-3] DEBUG com.my.blog.website.service.impl.ContentServiceImpl - Exit getContents method
2018-12-23 21:32:10.387 [http-nio-8081-exec-1] INFO  com.my.blog.website.controller.admin.IndexController - Enter admin index method
2018-12-23 21:32:10.387 [http-nio-8081-exec-1] DEBUG com.my.blog.website.service.impl.SiteServiceImpl - Enter recentComments method:limit=5
2018-12-23 21:32:10.399 [http-nio-8081-exec-1] DEBUG com.my.blog.website.service.impl.SiteServiceImpl - Exit recentComments method
2018-12-23 21:32:10.399 [http-nio-8081-exec-1] DEBUG com.my.blog.website.service.impl.SiteServiceImpl - Enter recentContents method
2018-12-23 21:32:10.404 [http-nio-8081-exec-1] DEBUG com.my.blog.website.service.impl.SiteServiceImpl - Exit recentContents method
2018-12-23 21:32:10.404 [http-nio-8081-exec-1] DEBUG com.my.blog.website.service.impl.SiteServiceImpl - Enter getStatistics method
2018-12-23 21:32:10.417 [http-nio-8081-exec-1] DEBUG com.my.blog.website.service.impl.SiteServiceImpl - Exit getStatistics method
2018-12-23 21:32:10.417 [http-nio-8081-exec-1] DEBUG com.my.blog.website.service.impl.LogServiceImpl - Enter getLogs method:page=1,linit=5
2018-12-23 21:32:10.421 [http-nio-8081-exec-1] DEBUG com.my.blog.website.service.impl.LogServiceImpl - Exit getLogs method
2018-12-23 21:32:10.421 [http-nio-8081-exec-1] INFO  com.my.blog.website.controller.admin.IndexController - Exit admin index method
2018-12-23 21:32:53.347 [http-nio-8081-exec-5] DEBUG com.my.blog.website.service.impl.RelationshipServiceImpl - Enter countById method:cid=15,mid=35
2018-12-23 21:32:53.350 [http-nio-8081-exec-5] DEBUG com.my.blog.website.service.impl.RelationshipServiceImpl - Exit countById method return num=0
2018-12-23 21:32:53.361 [http-nio-8081-exec-5] DEBUG com.my.blog.website.service.impl.RelationshipServiceImpl - Enter countById method:cid=15,mid=10
2018-12-23 21:32:53.368 [http-nio-8081-exec-5] DEBUG com.my.blog.website.service.impl.RelationshipServiceImpl - Exit countById method return num=0
2018-12-23 21:33:39.094 [http-nio-8081-exec-5] DEBUG com.my.blog.website.service.impl.RelationshipServiceImpl - Enter countById method:cid=15,mid=35
2018-12-23 21:33:39.095 [http-nio-8081-exec-5] DEBUG com.my.blog.website.service.impl.RelationshipServiceImpl - Exit countById method return num=0
2018-12-23 21:33:39.097 [http-nio-8081-exec-5] DEBUG com.my.blog.website.service.impl.RelationshipServiceImpl - Enter countById method:cid=15,mid=10
2018-12-23 21:33:39.099 [http-nio-8081-exec-5] DEBUG com.my.blog.website.service.impl.RelationshipServiceImpl - Exit countById method return num=0
2018-12-23 21:34:05.413 [http-nio-8081-exec-3] DEBUG com.my.blog.website.service.impl.RelationshipServiceImpl - Enter countById method:cid=15,mid=35
2018-12-23 21:34:05.415 [http-nio-8081-exec-3] DEBUG com.my.blog.website.service.impl.RelationshipServiceImpl - Exit countById method return num=0
2018-12-23 21:34:05.417 [http-nio-8081-exec-3] DEBUG com.my.blog.website.service.impl.RelationshipServiceImpl - Enter countById method:cid=15,mid=10
2018-12-23 21:34:05.419 [http-nio-8081-exec-3] DEBUG com.my.blog.website.service.impl.RelationshipServiceImpl - Exit countById method return num=0
2018-12-23 21:35:27.009 [http-nio-8081-exec-9] DEBUG com.my.blog.website.service.impl.RelationshipServiceImpl - Enter countById method:cid=15,mid=35
2018-12-23 21:35:27.010 [http-nio-8081-exec-9] DEBUG com.my.blog.website.service.impl.RelationshipServiceImpl - Exit countById method return num=0
2018-12-23 21:35:27.013 [http-nio-8081-exec-9] DEBUG com.my.blog.website.service.impl.RelationshipServiceImpl - Enter countById method:cid=15,mid=10
2018-12-23 21:35:27.018 [http-nio-8081-exec-9] DEBUG com.my.blog.website.service.impl.RelationshipServiceImpl - Exit countById method return num=0
2018-12-23 21:35:44.473 [http-nio-8081-exec-6] DEBUG com.my.blog.website.service.impl.RelationshipServiceImpl - Enter countById method:cid=15,mid=35
2018-12-23 21:35:44.474 [http-nio-8081-exec-6] DEBUG com.my.blog.website.service.impl.RelationshipServiceImpl - Exit countById method return num=0
2018-12-23 21:35:44.490 [http-nio-8081-exec-6] DEBUG com.my.blog.website.service.impl.RelationshipServiceImpl - Enter countById method:cid=15,mid=10
2018-12-23 21:35:44.495 [http-nio-8081-exec-6] DEBUG com.my.blog.website.service.impl.RelationshipServiceImpl - Exit countById method return num=0
2018-12-23 21:37:04.473 [http-nio-8081-exec-5] DEBUG com.my.blog.website.service.impl.ContentServiceImpl - Enter getContents method
2018-12-23 21:37:04.484 [http-nio-8081-exec-5] DEBUG com.my.blog.website.service.impl.ContentServiceImpl - Exit getContents method
2018-12-23 21:37:14.255 [http-nio-8081-exec-1] DEBUG com.my.blog.website.service.impl.SiteServiceImpl - Enter getArchives method
2018-12-23 21:37:14.269 [http-nio-8081-exec-1] DEBUG com.my.blog.website.service.impl.SiteServiceImpl - Exit getArchives method
2018-12-23 21:37:48.130 [http-nio-8081-exec-6] DEBUG com.my.blog.website.service.impl.SiteServiceImpl - Enter getArchives method
2018-12-23 21:37:48.161 [http-nio-8081-exec-6] DEBUG com.my.blog.website.service.impl.SiteServiceImpl - Exit getArchives method
2018-12-24 13:58:08.531 [http-nio-8081-exec-2] DEBUG com.my.blog.website.service.impl.ContentServiceImpl - Enter getContents method
2018-12-24 13:58:08.541 [http-nio-8081-exec-2] DEBUG com.my.blog.website.service.impl.ContentServiceImpl - Exit getContents method
2018-12-25 00:51:44.071 [http-nio-8081-exec-9] DEBUG com.my.blog.website.service.impl.ContentServiceImpl - Enter getContents method
2018-12-25 00:51:44.083 [http-nio-8081-exec-9] DEBUG com.my.blog.website.service.impl.ContentServiceImpl - Exit getContents method
2018-12-26 17:34:57.131 [http-nio-8081-exec-8] DEBUG com.my.blog.website.service.impl.ContentServiceImpl - Enter getContents method
2018-12-26 17:34:57.148 [http-nio-8081-exec-8] DEBUG com.my.blog.website.service.impl.ContentServiceImpl - Exit getContents method
2018-12-27 01:04:37.047 [http-nio-8081-exec-1] DEBUG com.my.blog.website.service.impl.ContentServiceImpl - Enter getContents method
2018-12-27 01:04:37.057 [http-nio-8081-exec-1] DEBUG com.my.blog.website.service.impl.ContentServiceImpl - Exit getContents method
2018-12-27 04:11:00.796 [http-nio-8081-exec-3] DEBUG com.my.blog.website.service.impl.ContentServiceImpl - Enter getContents method
2018-12-27 04:11:00.801 [http-nio-8081-exec-3] DEBUG com.my.blog.website.service.impl.ContentServiceImpl - Exit getContents method
2018-12-27 22:37:55.627 [http-nio-8081-exec-6] DEBUG com.my.blog.website.service.impl.ContentServiceImpl - Enter getContents method
2018-12-27 22:37:55.653 [http-nio-8081-exec-6] DEBUG com.my.blog.website.service.impl.ContentServiceImpl - Exit getContents method
2018-12-27 22:38:54.351 [http-nio-8081-exec-5] DEBUG com.my.blog.website.service.impl.ContentServiceImpl - Enter getContents method
2018-12-27 22:38:54.355 [http-nio-8081-exec-5] DEBUG com.my.blog.website.service.impl.ContentServiceImpl - Exit getContents method
2018-12-27 22:39:52.273 [http-nio-8081-exec-3] DEBUG com.my.blog.website.service.impl.SiteServiceImpl - Enter getArchives method
2018-12-27 22:39:52.288 [http-nio-8081-exec-3] DEBUG com.my.blog.website.service.impl.SiteServiceImpl - Exit getArchives method
2018-12-27 22:40:23.838 [http-nio-8081-exec-5] DEBUG com.my.blog.website.service.impl.SiteServiceImpl - Enter getArchives method
2018-12-27 22:40:23.856 [http-nio-8081-exec-5] DEBUG com.my.blog.website.service.impl.SiteServiceImpl - Exit getArchives method
2018-12-27 22:40:24.927 [http-nio-8081-exec-10] DEBUG com.my.blog.website.service.impl.SiteServiceImpl - Enter getArchives method
2018-12-27 22:40:24.943 [http-nio-8081-exec-10] DEBUG com.my.blog.website.service.impl.SiteServiceImpl - Exit getArchives method
2018-12-27 23:30:56.659 [http-nio-8081-exec-8] ERROR com.my.blog.website.controller.GlobalExceptionHandler - find exception:e=query content by id and return is not one
2018-12-27 23:30:56.694 [http-nio-8081-exec-1] ERROR com.my.blog.website.controller.GlobalExceptionHandler - find exception:e=query content by id and return is not one
2018-12-27 23:30:57.042 [http-nio-8081-exec-7] DEBUG com.my.blog.website.service.impl.ContentServiceImpl - Enter getContents method
2018-12-27 23:30:57.048 [http-nio-8081-exec-7] DEBUG com.my.blog.website.service.impl.ContentServiceImpl - Exit getContents method
2018-12-27 23:30:57.084 [http-nio-8081-exec-4] ERROR com.my.blog.website.controller.GlobalExceptionHandler - find exception:e=query content by id and return is not one
2018-12-27 23:30:57.115 [http-nio-8081-exec-3] ERROR com.my.blog.website.controller.GlobalExceptionHandler - find exception:e=query content by id and return is not one
2018-12-27 23:30:57.150 [http-nio-8081-exec-6] ERROR com.my.blog.website.controller.GlobalExceptionHandler - find exception:e=query content by id and return is not one
2018-12-27 23:30:57.182 [http-nio-8081-exec-5] ERROR com.my.blog.website.controller.GlobalExceptionHandler - find exception:e=query content by id and return is not one
2018-12-27 23:30:57.210 [http-nio-8081-exec-10] ERROR com.my.blog.website.controller.GlobalExceptionHandler - find exception:e=query content by id and return is not one
2018-12-27 23:30:57.240 [http-nio-8081-exec-2] DEBUG com.my.blog.website.service.impl.ContentServiceImpl - Enter getContents method
2018-12-27 23:30:57.244 [http-nio-8081-exec-2] DEBUG com.my.blog.website.service.impl.ContentServiceImpl - Exit getContents method
2018-12-27 23:30:57.277 [http-nio-8081-exec-9] ERROR com.my.blog.website.controller.GlobalExceptionHandler - find exception:e=query content by id and return is not one
2018-12-27 23:30:57.344 [http-nio-8081-exec-1] ERROR com.my.blog.website.controller.GlobalExceptionHandler - find exception:e=query content by id and return is not one
2018-12-27 23:30:57.374 [http-nio-8081-exec-7] DEBUG com.my.blog.website.service.impl.ContentServiceImpl - Enter getContents method
2018-12-27 23:30:57.378 [http-nio-8081-exec-7] DEBUG com.my.blog.website.service.impl.ContentServiceImpl - Exit getContents method
2018-12-27 23:30:57.415 [http-nio-8081-exec-4] ERROR com.my.blog.website.controller.GlobalExceptionHandler - find exception:e=query content by id and return is not one
2018-12-27 23:30:57.563 [http-nio-8081-exec-10] ERROR com.my.blog.website.controller.GlobalExceptionHandler - find exception:e=query content by id and return is not one
2018-12-27 23:30:57.598 [http-nio-8081-exec-2] ERROR com.my.blog.website.controller.GlobalExceptionHandler - find exception:e=query content by id and return is not one
2018-12-27 23:30:57.634 [http-nio-8081-exec-9] ERROR com.my.blog.website.controller.GlobalExceptionHandler - find exception:e=query content by id and return is not one
2018-12-27 23:30:57.674 [http-nio-8081-exec-8] ERROR com.my.blog.website.controller.GlobalExceptionHandler - find exception:e=query content by id and return is not one
2018-12-27 23:30:57.713 [http-nio-8081-exec-1] ERROR com.my.blog.website.controller.GlobalExceptionHandler - find exception:e=query content by id and return is not one
2018-12-27 23:30:57.749 [http-nio-8081-exec-7] ERROR com.my.blog.website.controller.GlobalExceptionHandler - find exception:e=query content by id and return is not one
2018-12-27 23:30:57.789 [http-nio-8081-exec-4] ERROR com.my.blog.website.controller.GlobalExceptionHandler - find exception:e=query content by id and return is not one
2018-12-27 23:30:57.829 [http-nio-8081-exec-3] ERROR com.my.blog.website.controller.GlobalExceptionHandler - find exception:e=query content by id and return is not one
2018-12-27 23:30:57.861 [http-nio-8081-exec-6] ERROR com.my.blog.website.controller.GlobalExceptionHandler - find exception:e=query content by id and return is not one
2018-12-27 23:30:57.921 [http-nio-8081-exec-5] ERROR com.my.blog.website.controller.GlobalExceptionHandler - find exception:e=query content by id and return is not one
2018-12-27 23:30:57.956 [http-nio-8081-exec-10] ERROR com.my.blog.website.controller.GlobalExceptionHandler - find exception:e=query content by id and return is not one
2018-12-27 23:30:58.004 [http-nio-8081-exec-2] ERROR com.my.blog.website.controller.GlobalExceptionHandler - find exception:e=query content by id and return is not one
2018-12-27 23:30:58.042 [http-nio-8081-exec-9] ERROR com.my.blog.website.controller.GlobalExceptionHandler - find exception:e=query content by id and return is not one
2018-12-27 23:30:58.074 [http-nio-8081-exec-8] ERROR com.my.blog.website.controller.GlobalExceptionHandler - find exception:e=query content by id and return is not one
2018-12-27 23:30:58.110 [http-nio-8081-exec-1] ERROR com.my.blog.website.controller.GlobalExceptionHandler - find exception:e=query content by id and return is not one
2018-12-27 23:30:58.149 [http-nio-8081-exec-7] ERROR com.my.blog.website.controller.GlobalExceptionHandler - find exception:e=query content by id and return is not one
2018-12-27 23:30:58.193 [http-nio-8081-exec-4] ERROR com.my.blog.website.controller.GlobalExceptionHandler - find exception:e=query content by id and return is not one
2018-12-27 23:30:58.235 [http-nio-8081-exec-3] ERROR com.my.blog.website.controller.GlobalExceptionHandler - find exception:e=query content by id and return is not one
2018-12-27 23:30:58.273 [http-nio-8081-exec-6] ERROR com.my.blog.website.controller.GlobalExceptionHandler - find exception:e=query content by id and return is not one
2018-12-27 23:30:58.370 [http-nio-8081-exec-5] ERROR com.my.blog.website.controller.GlobalExceptionHandler - find exception:e=query content by id and return is not one
2018-12-27 23:30:58.427 [http-nio-8081-exec-10] ERROR com.my.blog.website.controller.GlobalExceptionHandler - find exception:e=query content by id and return is not one
2018-12-27 23:30:58.460 [http-nio-8081-exec-2] ERROR com.my.blog.website.controller.GlobalExceptionHandler - find exception:e=query content by id and return is not one
2018-12-27 23:30:58.509 [http-nio-8081-exec-9] ERROR com.my.blog.website.controller.GlobalExceptionHandler - find exception:e=query content by id and return is not one
2018-12-27 23:30:58.582 [http-nio-8081-exec-8] ERROR com.my.blog.website.controller.GlobalExceptionHandler - find exception:e=query content by id and return is not one
2018-12-27 23:30:58.612 [http-nio-8081-exec-1] ERROR com.my.blog.website.controller.GlobalExceptionHandler - find exception:e=query content by id and return is not one
2018-12-27 23:30:58.654 [http-nio-8081-exec-7] ERROR com.my.blog.website.controller.GlobalExceptionHandler - find exception:e=query content by id and return is not one
2018-12-27 23:30:58.684 [http-nio-8081-exec-4] ERROR com.my.blog.website.controller.GlobalExceptionHandler - find exception:e=query content by id and return is not one
2018-12-27 23:30:58.721 [http-nio-8081-exec-3] ERROR com.my.blog.website.controller.GlobalExceptionHandler - find exception:e=query content by id and return is not one
2018-12-27 23:30:58.808 [http-nio-8081-exec-5] DEBUG com.my.blog.website.service.impl.ContentServiceImpl - Enter getContents method
2018-12-27 23:30:58.812 [http-nio-8081-exec-5] DEBUG com.my.blog.website.service.impl.ContentServiceImpl - Exit getContents method
2018-12-27 23:30:58.853 [http-nio-8081-exec-10] ERROR com.my.blog.website.controller.GlobalExceptionHandler - find exception:e=query content by id and return is not one
2018-12-28 14:06:21.703 [http-nio-8081-exec-2] ERROR com.my.blog.website.controller.GlobalExceptionHandler - find exception:e=Request method 'POST' not supported
2018-12-28 14:06:23.670 [http-nio-8081-exec-8] ERROR com.my.blog.website.controller.GlobalExceptionHandler - find exception:e=Request method 'POST' not supported
2018-12-28 16:06:45.322 [http-nio-8081-exec-7] DEBUG com.my.blog.website.service.impl.ContentServiceImpl - Enter getContents method
2018-12-28 16:06:45.331 [http-nio-8081-exec-7] DEBUG com.my.blog.website.service.impl.ContentServiceImpl - Exit getContents method
2018-12-28 16:16:21.785 [http-nio-8081-exec-4] DEBUG com.my.blog.website.service.impl.ContentServiceImpl - Enter getContents method
2018-12-28 16:16:21.790 [http-nio-8081-exec-4] DEBUG com.my.blog.website.service.impl.ContentServiceImpl - Exit getContents method
2018-12-29 03:17:24.157 [http-nio-8081-exec-1] INFO  com.my.blog.website.controller.admin.IndexController - Enter admin index method
2018-12-29 03:17:24.157 [http-nio-8081-exec-1] DEBUG com.my.blog.website.service.impl.SiteServiceImpl - Enter recentComments method:limit=5
2018-12-29 03:17:24.168 [http-nio-8081-exec-1] DEBUG com.my.blog.website.service.impl.SiteServiceImpl - Exit recentComments method
2018-12-29 03:17:24.168 [http-nio-8081-exec-1] DEBUG com.my.blog.website.service.impl.SiteServiceImpl - Enter recentContents method
2018-12-29 03:17:24.184 [http-nio-8081-exec-1] DEBUG com.my.blog.website.service.impl.SiteServiceImpl - Exit recentContents method
2018-12-29 03:17:24.184 [http-nio-8081-exec-1] DEBUG com.my.blog.website.service.impl.SiteServiceImpl - Enter getStatistics method
2018-12-29 03:17:24.190 [http-nio-8081-exec-1] DEBUG com.my.blog.website.service.impl.SiteServiceImpl - Exit getStatistics method
2018-12-29 03:17:24.190 [http-nio-8081-exec-1] DEBUG com.my.blog.website.service.impl.LogServiceImpl - Enter getLogs method:page=1,linit=5
2018-12-29 03:17:24.207 [http-nio-8081-exec-1] DEBUG com.my.blog.website.service.impl.LogServiceImpl - Exit getLogs method
2018-12-29 03:17:24.207 [http-nio-8081-exec-1] INFO  com.my.blog.website.controller.admin.IndexController - Exit admin index method
2018-12-29 03:18:30.362 [http-nio-8081-exec-8] DEBUG com.my.blog.website.service.impl.RelationshipServiceImpl - Enter countById method:cid=16,mid=36
2018-12-29 03:18:30.364 [http-nio-8081-exec-8] DEBUG com.my.blog.website.service.impl.RelationshipServiceImpl - Exit countById method return num=0
2018-12-29 03:18:30.368 [http-nio-8081-exec-8] DEBUG com.my.blog.website.service.impl.RelationshipServiceImpl - Enter countById method:cid=16,mid=37
2018-12-29 03:18:30.369 [http-nio-8081-exec-8] DEBUG com.my.blog.website.service.impl.RelationshipServiceImpl - Exit countById method return num=0
2018-12-29 03:18:30.372 [http-nio-8081-exec-8] DEBUG com.my.blog.website.service.impl.RelationshipServiceImpl - Enter countById method:cid=16,mid=1
2018-12-29 03:18:30.373 [http-nio-8081-exec-8] DEBUG com.my.blog.website.service.impl.RelationshipServiceImpl - Exit countById method return num=0
2018-12-29 03:23:57.470 [http-nio-8081-exec-10] DEBUG com.my.blog.website.service.impl.RelationshipServiceImpl - Enter countById method:cid=16,mid=36
2018-12-29 03:23:57.473 [http-nio-8081-exec-10] DEBUG com.my.blog.website.service.impl.RelationshipServiceImpl - Exit countById method return num=0
2018-12-29 03:23:57.475 [http-nio-8081-exec-10] DEBUG com.my.blog.website.service.impl.RelationshipServiceImpl - Enter countById method:cid=16,mid=37
2018-12-29 03:23:57.479 [http-nio-8081-exec-10] DEBUG com.my.blog.website.service.impl.RelationshipServiceImpl - Exit countById method return num=0
2018-12-29 03:23:57.482 [http-nio-8081-exec-10] DEBUG com.my.blog.website.service.impl.RelationshipServiceImpl - Enter countById method:cid=16,mid=1
2018-12-29 03:23:57.483 [http-nio-8081-exec-10] DEBUG com.my.blog.website.service.impl.RelationshipServiceImpl - Exit countById method return num=0
2018-12-29 03:24:04.757 [http-nio-8081-exec-9] DEBUG com.my.blog.website.service.impl.ContentServiceImpl - Enter getContents method
2018-12-29 03:24:04.767 [http-nio-8081-exec-9] DEBUG com.my.blog.website.service.impl.ContentServiceImpl - Exit getContents method
2018-12-29 03:26:30.145 [http-nio-8081-exec-4] DEBUG com.my.blog.website.service.impl.ContentServiceImpl - Enter getContents method
2018-12-29 03:26:30.164 [http-nio-8081-exec-4] DEBUG com.my.blog.website.service.impl.ContentServiceImpl - Exit getContents method
2018-12-29 03:27:53.634 [http-nio-8081-exec-10] DEBUG com.my.blog.website.service.impl.RelationshipServiceImpl - Enter countById method:cid=16,mid=36
2018-12-29 03:27:53.637 [http-nio-8081-exec-10] DEBUG com.my.blog.website.service.impl.RelationshipServiceImpl - Exit countById method return num=0
2018-12-29 03:27:53.640 [http-nio-8081-exec-10] DEBUG com.my.blog.website.service.impl.RelationshipServiceImpl - Enter countById method:cid=16,mid=37
2018-12-29 03:27:53.641 [http-nio-8081-exec-10] DEBUG com.my.blog.website.service.impl.RelationshipServiceImpl - Exit countById method return num=0
2018-12-29 03:27:53.644 [http-nio-8081-exec-10] DEBUG com.my.blog.website.service.impl.RelationshipServiceImpl - Enter countById method:cid=16,mid=39
2018-12-29 03:27:53.653 [http-nio-8081-exec-10] DEBUG com.my.blog.website.service.impl.RelationshipServiceImpl - Exit countById method return num=0
2018-12-29 03:29:08.085 [http-nio-8081-exec-8] DEBUG com.my.blog.website.service.impl.ContentServiceImpl - Enter getContents method
2018-12-29 03:29:08.092 [http-nio-8081-exec-8] DEBUG com.my.blog.website.service.impl.ContentServiceImpl - Exit getContents method
2018-12-29 23:45:10.293 [http-nio-8081-exec-4] DEBUG com.my.blog.website.service.impl.ContentServiceImpl - Enter getContents method
2018-12-29 23:45:10.306 [http-nio-8081-exec-4] DEBUG com.my.blog.website.service.impl.ContentServiceImpl - Exit getContents method
2018-12-29 23:46:47.788 [http-nio-8081-exec-6] DEBUG com.my.blog.website.service.impl.ContentServiceImpl - Enter getContents method
2018-12-29 23:46:47.798 [http-nio-8081-exec-6] DEBUG com.my.blog.website.service.impl.ContentServiceImpl - Exit getContents method
2018-12-29 23:48:27.002 [http-nio-8081-exec-1] DEBUG com.my.blog.website.service.impl.ContentServiceImpl - Enter getContents method
2018-12-29 23:48:27.010 [http-nio-8081-exec-1] DEBUG com.my.blog.website.service.impl.ContentServiceImpl - Exit getContents method
2018-12-29 23:48:30.558 [http-nio-8081-exec-7] DEBUG com.my.blog.website.service.impl.ContentServiceImpl - Enter getContents method
2018-12-29 23:48:30.563 [http-nio-8081-exec-7] DEBUG com.my.blog.website.service.impl.ContentServiceImpl - Exit getContents method
2018-12-29 23:48:30.994 [http-nio-8081-exec-5] DEBUG com.my.blog.website.service.impl.ContentServiceImpl - Enter getContents method
2018-12-29 23:48:30.999 [http-nio-8081-exec-5] DEBUG com.my.blog.website.service.impl.ContentServiceImpl - Exit getContents method
2018-12-29 23:49:30.391 [http-nio-8081-exec-4] DEBUG com.my.blog.website.service.impl.ContentServiceImpl - Enter getContents method
2018-12-29 23:49:30.432 [http-nio-8081-exec-4] DEBUG com.my.blog.website.service.impl.ContentServiceImpl - Exit getContents method
2018-12-29 23:49:46.776 [http-nio-8081-exec-3] DEBUG com.my.blog.website.service.impl.ContentServiceImpl - Enter getContents method
2018-12-29 23:49:46.780 [http-nio-8081-exec-3] DEBUG com.my.blog.website.service.impl.ContentServiceImpl - Exit getContents method
2018-12-29 23:50:16.550 [http-nio-8081-exec-10] ERROR com.my.blog.website.controller.GlobalExceptionHandler - find exception:e=query content by id and return is not one
2018-12-29 23:51:29.893 [http-nio-8081-exec-6] DEBUG com.my.blog.website.service.impl.ContentServiceImpl - Enter getContents method
2018-12-29 23:51:29.901 [http-nio-8081-exec-6] DEBUG com.my.blog.website.service.impl.ContentServiceImpl - Exit getContents method
2018-12-30 00:42:27.606 [http-nio-8081-exec-9] DEBUG com.my.blog.website.service.impl.ContentServiceImpl - Enter getContents method
2018-12-30 00:42:27.623 [http-nio-8081-exec-9] DEBUG com.my.blog.website.service.impl.ContentServiceImpl - Exit getContents method
2018-12-30 00:43:22.508 [http-nio-8081-exec-5] DEBUG com.my.blog.website.service.impl.ContentServiceImpl - Enter getContents method
2018-12-30 00:43:22.512 [http-nio-8081-exec-5] DEBUG com.my.blog.website.service.impl.ContentServiceImpl - Exit getContents method
2018-12-31 00:46:29.529 [http-nio-8081-exec-9] DEBUG com.my.blog.website.service.impl.ContentServiceImpl - Enter getContents method
2018-12-31 00:46:29.536 [http-nio-8081-exec-9] DEBUG com.my.blog.website.service.impl.ContentServiceImpl - Exit getContents method
2019-01-01 05:58:44.700 [http-nio-8081-exec-2] DEBUG com.my.blog.website.service.impl.ContentServiceImpl - Enter getContents method
2019-01-01 05:58:44.716 [http-nio-8081-exec-2] DEBUG com.my.blog.website.service.impl.ContentServiceImpl - Exit getContents method
2019-01-02 06:38:01.617 [http-nio-8081-exec-8] DEBUG com.my.blog.website.service.impl.ContentServiceImpl - Enter getContents method
2019-01-02 06:38:01.627 [http-nio-8081-exec-8] DEBUG com.my.blog.website.service.impl.ContentServiceImpl - Exit getContents method
2019-01-02 13:46:34.382 [http-nio-8081-exec-4] DEBUG com.my.blog.website.service.impl.ContentServiceImpl - Enter getContents method
2019-01-02 13:46:34.390 [http-nio-8081-exec-4] DEBUG com.my.blog.website.service.impl.ContentServiceImpl - Exit getContents method
2019-01-02 15:13:55.200 [http-nio-8081-exec-6] ERROR com.my.blog.website.controller.GlobalExceptionHandler - find exception:e=Request method 'POST' not supported
2019-01-03 07:37:48.154 [http-nio-8081-exec-9] DEBUG com.my.blog.website.service.impl.ContentServiceImpl - Enter getContents method
2019-01-03 07:37:48.165 [http-nio-8081-exec-9] DEBUG com.my.blog.website.service.impl.ContentServiceImpl - Exit getContents method
2019-01-03 07:55:06.891 [http-nio-8081-exec-8] DEBUG com.my.blog.website.service.impl.ContentServiceImpl - Enter getContents method
2019-01-03 07:55:06.896 [http-nio-8081-exec-8] DEBUG com.my.blog.website.service.impl.ContentServiceImpl - Exit getContents method
2019-01-04 04:51:46.858 [http-nio-8081-exec-1] DEBUG com.my.blog.website.service.impl.ContentServiceImpl - Enter getContents method
2019-01-04 04:51:46.936 [http-nio-8081-exec-1] DEBUG com.my.blog.website.service.impl.ContentServiceImpl - Exit getContents method
2019-01-04 15:10:33.098 [http-nio-8081-exec-7] DEBUG com.my.blog.website.service.impl.ContentServiceImpl - Enter getContents method
2019-01-04 15:10:33.223 [http-nio-8081-exec-7] DEBUG com.my.blog.website.service.impl.ContentServiceImpl - Exit getContents method
2019-01-04 19:07:55.681 [http-nio-8081-exec-5] DEBUG com.my.blog.website.service.impl.ContentServiceImpl - Enter getContents method
2019-01-04 19:07:55.688 [http-nio-8081-exec-5] DEBUG com.my.blog.website.service.impl.ContentServiceImpl - Exit getContents method
2019-01-05 06:04:58.691 [http-nio-8081-exec-3] DEBUG com.my.blog.website.service.impl.ContentServiceImpl - Enter getContents method
2019-01-05 06:04:58.818 [http-nio-8081-exec-3] DEBUG com.my.blog.website.service.impl.ContentServiceImpl - Exit getContents method
2019-01-06 03:11:09.721 [http-nio-8081-exec-10] DEBUG com.my.blog.website.service.impl.ContentServiceImpl - Enter getContents method
2019-01-06 03:11:09.833 [http-nio-8081-exec-10] DEBUG com.my.blog.website.service.impl.ContentServiceImpl - Exit getContents method
2019-01-08 03:39:50.052 [http-nio-8081-exec-5] DEBUG com.my.blog.website.service.impl.ContentServiceImpl - Enter getContents method
2019-01-08 03:39:50.115 [http-nio-8081-exec-5] DEBUG com.my.blog.website.service.impl.ContentServiceImpl - Exit getContents method
2019-01-08 05:47:38.135 [http-nio-8081-exec-7] DEBUG com.my.blog.website.service.impl.ContentServiceImpl - Enter getContents method
2019-01-08 05:47:38.147 [http-nio-8081-exec-7] DEBUG com.my.blog.website.service.impl.ContentServiceImpl - Exit getContents method
2019-01-08 05:47:58.890 [http-nio-8081-exec-3] DEBUG com.my.blog.website.service.impl.ContentServiceImpl - Enter getContents method
2019-01-08 05:47:58.897 [http-nio-8081-exec-3] DEBUG com.my.blog.website.service.impl.ContentServiceImpl - Exit getContents method
2019-01-08 05:48:49.032 [http-nio-8081-exec-2] DEBUG com.my.blog.website.service.impl.ContentServiceImpl - Enter getContents method
2019-01-08 05:48:49.042 [http-nio-8081-exec-2] DEBUG com.my.blog.website.service.impl.ContentServiceImpl - Exit getContents method
2019-01-08 05:48:56.240 [http-nio-8081-exec-3] ERROR com.my.blog.website.controller.GlobalExceptionHandler - find exception:e=query content by id and return is not one
2019-01-08 05:48:58.142 [http-nio-8081-exec-6] ERROR com.my.blog.website.controller.GlobalExceptionHandler - find exception:e=query content by id and return is not one
2019-01-08 05:49:00.924 [http-nio-8081-exec-8] ERROR com.my.blog.website.controller.GlobalExceptionHandler - find exception:e=query content by id and return is not one
2019-01-08 05:49:01.129 [http-nio-8081-exec-2] ERROR com.my.blog.website.controller.GlobalExceptionHandler - find exception:e=query content by id and return is not one
2019-01-08 05:50:24.914 [http-nio-8081-exec-5] DEBUG com.my.blog.website.service.impl.ContentServiceImpl - Enter getContents method
2019-01-08 05:50:24.920 [http-nio-8081-exec-5] DEBUG com.my.blog.website.service.impl.ContentServiceImpl - Exit getContents method
2019-01-08 05:52:24.810 [http-nio-8081-exec-4] DEBUG com.my.blog.website.service.impl.ContentServiceImpl - Enter getContents method
2019-01-08 05:52:24.814 [http-nio-8081-exec-4] DEBUG com.my.blog.website.service.impl.ContentServiceImpl - Exit getContents method
2019-01-08 20:29:49.396 [http-nio-8081-exec-3] DEBUG com.my.blog.website.service.impl.ContentServiceImpl - Enter getContents method
2019-01-08 20:29:49.453 [http-nio-8081-exec-3] DEBUG com.my.blog.website.service.impl.ContentServiceImpl - Exit getContents method
2019-01-10 00:13:42.333 [http-nio-8081-exec-10] DEBUG com.my.blog.website.service.impl.ContentServiceImpl - Enter getContents method
2019-01-10 00:13:42.379 [http-nio-8081-exec-10] DEBUG com.my.blog.website.service.impl.ContentServiceImpl - Exit getContents method
2019-01-10 01:07:55.108 [http-nio-8081-exec-8] DEBUG com.my.blog.website.service.impl.ContentServiceImpl - Enter getContents method
2019-01-10 01:07:55.113 [http-nio-8081-exec-8] DEBUG com.my.blog.website.service.impl.ContentServiceImpl - Exit getContents method
2019-01-10 20:22:47.841 [http-nio-8081-exec-1] DEBUG com.my.blog.website.service.impl.ContentServiceImpl - Enter getContents method
2019-01-10 20:22:47.951 [http-nio-8081-exec-1] DEBUG com.my.blog.website.service.impl.ContentServiceImpl - Exit getContents method
2019-01-10 22:58:23.719 [http-nio-8081-exec-7] DEBUG com.my.blog.website.service.impl.ContentServiceImpl - Enter getContents method
2019-01-10 22:58:23.724 [http-nio-8081-exec-7] DEBUG com.my.blog.website.service.impl.ContentServiceImpl - Exit getContents method
2019-01-11 12:48:45.875 [http-nio-8081-exec-5] DEBUG com.my.blog.website.service.impl.ContentServiceImpl - Enter getContents method
2019-01-11 12:48:45.958 [http-nio-8081-exec-5] DEBUG com.my.blog.website.service.impl.ContentServiceImpl - Exit getContents method
2019-01-11 12:56:49.073 [http-nio-8081-exec-8] DEBUG com.my.blog.website.service.impl.ContentServiceImpl - Enter getContents method
2019-01-11 12:56:49.084 [http-nio-8081-exec-8] DEBUG com.my.blog.website.service.impl.ContentServiceImpl - Exit getContents method
2019-01-11 12:57:03.991 [http-nio-8081-exec-10] DEBUG com.my.blog.website.service.impl.ContentServiceImpl - Enter getContents method
2019-01-11 12:57:04.016 [http-nio-8081-exec-10] DEBUG com.my.blog.website.service.impl.ContentServiceImpl - Exit getContents method
2019-01-11 13:19:54.943 [http-nio-8081-exec-7] DEBUG com.my.blog.website.service.impl.ContentServiceImpl - Enter getContents method
2019-01-11 13:19:54.951 [http-nio-8081-exec-7] DEBUG com.my.blog.website.service.impl.ContentServiceImpl - Exit getContents method
2019-01-12 17:32:08.435 [http-nio-8081-exec-1] DEBUG com.my.blog.website.service.impl.ContentServiceImpl - Enter getContents method
2019-01-12 17:32:08.656 [http-nio-8081-exec-1] DEBUG com.my.blog.website.service.impl.ContentServiceImpl - Exit getContents method
2019-01-12 20:36:40.370 [http-nio-8081-exec-9] DEBUG com.my.blog.website.service.impl.ContentServiceImpl - Enter getContents method
2019-01-12 20:36:40.398 [http-nio-8081-exec-9] DEBUG com.my.blog.website.service.impl.ContentServiceImpl - Exit getContents method
2019-01-13 03:36:11.060 [http-nio-8081-exec-10] DEBUG com.my.blog.website.service.impl.ContentServiceImpl - Enter getContents method
2019-01-13 03:36:11.069 [http-nio-8081-exec-10] DEBUG com.my.blog.website.service.impl.ContentServiceImpl - Exit getContents method
2019-01-13 07:29:23.354 [http-nio-8081-exec-5] DEBUG com.my.blog.website.service.impl.ContentServiceImpl - Enter getContents method
2019-01-13 07:29:23.358 [http-nio-8081-exec-5] DEBUG com.my.blog.website.service.impl.ContentServiceImpl - Exit getContents method
2019-01-13 21:37:01.494 [http-nio-8081-exec-9] DEBUG com.my.blog.website.service.impl.ContentServiceImpl - Enter getContents method
2019-01-13 21:37:01.534 [http-nio-8081-exec-9] DEBUG com.my.blog.website.service.impl.ContentServiceImpl - Exit getContents method
2019-01-14 21:31:58.343 [http-nio-8081-exec-10] DEBUG com.my.blog.website.service.impl.ContentServiceImpl - Enter getContents method
2019-01-14 21:31:58.401 [http-nio-8081-exec-10] DEBUG com.my.blog.website.service.impl.ContentServiceImpl - Exit getContents method
2019-01-14 21:31:58.984 [http-nio-8081-exec-8] DEBUG com.my.blog.website.service.impl.ContentServiceImpl - Enter getContents method
2019-01-14 21:31:58.990 [http-nio-8081-exec-8] DEBUG com.my.blog.website.service.impl.ContentServiceImpl - Exit getContents method
2019-01-14 22:16:10.605 [http-nio-8081-exec-1] ERROR com.my.blog.website.controller.GlobalExceptionHandler - find exception:e=query content by id and return is not one
2019-01-15 04:06:52.125 [http-nio-8081-exec-5] DEBUG com.my.blog.website.service.impl.ContentServiceImpl - Enter getContents method
2019-01-15 04:06:52.130 [http-nio-8081-exec-5] DEBUG com.my.blog.website.service.impl.ContentServiceImpl - Exit getContents method
2019-01-15 12:54:57.617 [http-nio-8081-exec-7] DEBUG com.my.blog.website.service.impl.ContentServiceImpl - Enter getContents method
2019-01-15 12:54:57.647 [http-nio-8081-exec-7] DEBUG com.my.blog.website.service.impl.ContentServiceImpl - Exit getContents method
2019-01-15 19:52:16.662 [http-nio-8081-exec-6] DEBUG com.my.blog.website.service.impl.ContentServiceImpl - Enter getContents method
2019-01-15 19:52:16.680 [http-nio-8081-exec-6] DEBUG com.my.blog.website.service.impl.ContentServiceImpl - Exit getContents method
2019-01-16 02:57:27.458 [http-nio-8081-exec-10] DEBUG com.my.blog.website.service.impl.ContentServiceImpl - Enter getContents method
2019-01-16 02:57:27.472 [http-nio-8081-exec-10] DEBUG com.my.blog.website.service.impl.ContentServiceImpl - Exit getContents method
2019-01-16 04:01:20.403 [http-nio-8081-exec-8] DEBUG com.my.blog.website.service.impl.ContentServiceImpl - Enter getContents method
2019-01-16 04:01:20.409 [http-nio-8081-exec-8] DEBUG com.my.blog.website.service.impl.ContentServiceImpl - Exit getContents method
2019-01-16 22:13:21.024 [http-nio-8081-exec-2] DEBUG com.my.blog.website.service.impl.ContentServiceImpl - Enter getContents method
2019-01-16 22:13:21.049 [http-nio-8081-exec-2] DEBUG com.my.blog.website.service.impl.ContentServiceImpl - Exit getContents method
2019-01-17 01:57:17.588 [http-nio-8081-exec-7] DEBUG com.my.blog.website.service.impl.ContentServiceImpl - Enter getContents method
2019-01-17 01:57:17.604 [http-nio-8081-exec-7] DEBUG com.my.blog.website.service.impl.ContentServiceImpl - Exit getContents method
2019-01-18 03:35:45.281 [http-nio-8081-exec-6] DEBUG com.my.blog.website.service.impl.ContentServiceImpl - Enter getContents method
2019-01-18 03:35:45.328 [http-nio-8081-exec-6] DEBUG com.my.blog.website.service.impl.ContentServiceImpl - Exit getContents method
2019-01-18 13:08:34.607 [http-nio-8081-exec-8] ERROR com.my.blog.website.controller.GlobalExceptionHandler - find exception:e=Request method 'POST' not supported
2019-01-18 18:58:18.329 [http-nio-8081-exec-5] DEBUG com.my.blog.website.service.impl.ContentServiceImpl - Enter getContents method
2019-01-18 18:58:18.361 [http-nio-8081-exec-5] DEBUG com.my.blog.website.service.impl.ContentServiceImpl - Exit getContents method
2019-01-18 20:00:45.258 [http-nio-8081-exec-7] DEBUG com.my.blog.website.service.impl.ContentServiceImpl - Enter getContents method
2019-01-18 20:00:45.262 [http-nio-8081-exec-7] DEBUG com.my.blog.website.service.impl.ContentServiceImpl - Exit getContents method
2019-01-19 11:49:34.263 [http-nio-8081-exec-9] DEBUG com.my.blog.website.service.impl.ContentServiceImpl - Enter getContents method
2019-01-19 11:49:34.289 [http-nio-8081-exec-9] DEBUG com.my.blog.website.service.impl.ContentServiceImpl - Exit getContents method
2019-01-19 19:09:08.242 [http-nio-8081-exec-6] DEBUG com.my.blog.website.service.impl.ContentServiceImpl - Enter getContents method
2019-01-19 19:09:08.258 [http-nio-8081-exec-6] DEBUG com.my.blog.website.service.impl.ContentServiceImpl - Exit getContents method
2019-01-19 20:08:26.665 [http-nio-8081-exec-4] ERROR com.my.blog.website.controller.GlobalExceptionHandler - find exception:e=query content by id and return is not one
2019-01-20 05:18:43.882 [http-nio-8081-exec-2] DEBUG com.my.blog.website.service.impl.ContentServiceImpl - Enter getContents method
2019-01-20 05:18:43.899 [http-nio-8081-exec-2] DEBUG com.my.blog.website.service.impl.ContentServiceImpl - Exit getContents method
2019-01-20 12:56:19.010 [http-nio-8081-exec-1] DEBUG com.my.blog.website.service.impl.ContentServiceImpl - Enter getContents method
2019-01-20 12:56:19.040 [http-nio-8081-exec-1] DEBUG com.my.blog.website.service.impl.ContentServiceImpl - Exit getContents method
2019-01-21 04:50:47.118 [http-nio-8081-exec-5] DEBUG com.my.blog.website.service.impl.ContentServiceImpl - Enter getContents method
2019-01-21 04:50:47.145 [http-nio-8081-exec-5] DEBUG com.my.blog.website.service.impl.ContentServiceImpl - Exit getContents method
2019-01-21 11:16:27.277 [http-nio-8081-exec-3] DEBUG com.my.blog.website.service.impl.ContentServiceImpl - Enter getContents method
2019-01-21 11:16:27.283 [http-nio-8081-exec-3] DEBUG com.my.blog.website.service.impl.ContentServiceImpl - Exit getContents method
2019-01-21 11:16:27.836 [http-nio-8081-exec-7] DEBUG com.my.blog.website.service.impl.ContentServiceImpl - Enter getContents method
2019-01-21 11:16:27.839 [http-nio-8081-exec-7] DEBUG com.my.blog.website.service.impl.ContentServiceImpl - Exit getContents method
2019-01-21 11:16:28.201 [http-nio-8081-exec-9] DEBUG com.my.blog.website.service.impl.ContentServiceImpl - Enter getContents method
2019-01-21 11:16:28.206 [http-nio-8081-exec-9] DEBUG com.my.blog.website.service.impl.ContentServiceImpl - Exit getContents method
2019-01-21 14:43:27.038 [http-nio-8081-exec-4] DEBUG com.my.blog.website.service.impl.ContentServiceImpl - Enter getContents method
2019-01-21 14:43:27.050 [http-nio-8081-exec-4] DEBUG com.my.blog.website.service.impl.ContentServiceImpl - Exit getContents method
2019-01-21 15:38:08.493 [http-nio-8081-exec-2] DEBUG com.my.blog.website.service.impl.ContentServiceImpl - Enter getContents method
2019-01-21 15:38:08.498 [http-nio-8081-exec-2] DEBUG com.my.blog.website.service.impl.ContentServiceImpl - Exit getContents method
2019-01-21 16:33:49.807 [http-nio-8081-exec-5] DEBUG com.my.blog.website.service.impl.ContentServiceImpl - Enter getContents method
2019-01-21 16:33:49.833 [http-nio-8081-exec-5] DEBUG com.my.blog.website.service.impl.ContentServiceImpl - Exit getContents method
2019-01-22 06:48:45.939 [http-nio-8081-exec-7] ERROR com.my.blog.website.controller.GlobalExceptionHandler - find exception:e=query content by id and return is not one
2019-01-22 06:48:46.341 [http-nio-8081-exec-6] DEBUG com.my.blog.website.service.impl.ContentServiceImpl - Enter getContents method
2019-01-22 06:48:46.351 [http-nio-8081-exec-6] DEBUG com.my.blog.website.service.impl.ContentServiceImpl - Exit getContents method
2019-01-22 06:48:47.050 [http-nio-8081-exec-10] DEBUG com.my.blog.website.service.impl.ContentServiceImpl - Enter getContents method
2019-01-22 06:48:47.054 [http-nio-8081-exec-10] DEBUG com.my.blog.website.service.impl.ContentServiceImpl - Exit getContents method
2019-01-22 06:48:48.242 [http-nio-8081-exec-5] ERROR com.my.blog.website.controller.GlobalExceptionHandler - find exception:e=query content by id and return is not one
2019-01-22 06:48:50.309 [http-nio-8081-exec-9] ERROR com.my.blog.website.controller.GlobalExceptionHandler - find exception:e=query content by id and return is not one
2019-01-22 06:48:50.897 [http-nio-8081-exec-6] DEBUG com.my.blog.website.service.impl.ContentServiceImpl - Enter getContents method
2019-01-22 06:48:50.904 [http-nio-8081-exec-6] DEBUG com.my.blog.website.service.impl.ContentServiceImpl - Exit getContents method
2019-01-22 06:48:51.738 [http-nio-8081-exec-4] ERROR com.my.blog.website.controller.GlobalExceptionHandler - find exception:e=query content by id and return is not one
2019-01-22 06:48:52.283 [http-nio-8081-exec-1] ERROR com.my.blog.website.controller.GlobalExceptionHandler - find exception:e=query content by id and return is not one
2019-01-22 06:48:52.828 [http-nio-8081-exec-3] ERROR com.my.blog.website.controller.GlobalExceptionHandler - find exception:e=query content by id and return is not one
2019-01-22 06:48:53.889 [http-nio-8081-exec-6] DEBUG com.my.blog.website.service.impl.ContentServiceImpl - Enter getContents method
2019-01-22 06:48:53.898 [http-nio-8081-exec-6] DEBUG com.my.blog.website.service.impl.ContentServiceImpl - Exit getContents method
2019-01-22 06:48:54.427 [http-nio-8081-exec-10] DEBUG com.my.blog.website.service.impl.ContentServiceImpl - Enter getContents method
2019-01-22 06:48:54.430 [http-nio-8081-exec-10] DEBUG com.my.blog.website.service.impl.ContentServiceImpl - Exit getContents method
2019-01-23 09:08:40.900 [http-nio-8081-exec-1] DEBUG com.my.blog.website.service.impl.ContentServiceImpl - Enter getContents method
2019-01-23 09:08:41.265 [http-nio-8081-exec-1] DEBUG com.my.blog.website.service.impl.ContentServiceImpl - Exit getContents method
2019-01-23 11:31:29.067 [http-nio-8081-exec-3] DEBUG com.my.blog.website.service.impl.ContentServiceImpl - Enter getContents method
2019-01-23 11:31:29.211 [http-nio-8081-exec-3] DEBUG com.my.blog.website.service.impl.ContentServiceImpl - Exit getContents method
2019-01-23 13:36:44.139 [http-nio-8081-exec-7] DEBUG com.my.blog.website.service.impl.ContentServiceImpl - Enter getContents method
2019-01-23 13:36:44.150 [http-nio-8081-exec-7] DEBUG com.my.blog.website.service.impl.ContentServiceImpl - Exit getContents method
